This is XeTeX, Version 3.1415926-2.4-0.9998 (TeX Live 2012/Debian) (format=xelatex 2013.9.30)  5 JAN 2014 17:31
entering extended mode
 restricted \write18 enabled.
 %&-line parsing enabled.
**summary.tex
(./summary.tex
LaTeX2e <2011/06/27>
Babel <v3.8m> and hyphenation patterns for english, dumylang, nohyphenation, lo
aded.
(/usr/share/texlive/texmf-dist/tex/latex/base/article.cls
Document Class: article 2007/10/19 v1.4h Standard LaTeX document class
(/usr/share/texlive/texmf-dist/tex/latex/base/size11.clo
File: size11.clo 2007/10/19 v1.4h Standard LaTeX file (size option)
)
\c@part=\count80
\c@section=\count81
\c@subsection=\count82
\c@subsubsection=\count83
\c@paragraph=\count84
\c@subparagraph=\count85
\c@figure=\count86
\c@table=\count87
\abovecaptionskip=\skip41
\belowcaptionskip=\skip42
\bibindent=\dimen102
)
(/usr/share/texlive/texmf-dist/tex/latex/amsmath/amsmath.sty
Package: amsmath 2000/07/18 v2.13 AMS math features
\@mathmargin=\skip43

For additional information on amsmath, use the `?' option.
(/usr/share/texlive/texmf-dist/tex/latex/amsmath/amstext.sty
Package: amstext 2000/06/29 v2.01

(/usr/share/texlive/texmf-dist/tex/latex/amsmath/amsgen.sty
File: amsgen.sty 1999/11/30 v2.0
\@emptytoks=\toks14
\ex@=\dimen103
))
(/usr/share/texlive/texmf-dist/tex/latex/amsmath/amsbsy.sty
Package: amsbsy 1999/11/29 v1.2d
\pmbraise@=\dimen104
)
(/usr/share/texlive/texmf-dist/tex/latex/amsmath/amsopn.sty
Package: amsopn 1999/12/14 v2.01 operator names
)
\inf@bad=\count88
LaTeX Info: Redefining \frac on input line 211.
\uproot@=\count89
\leftroot@=\count90
LaTeX Info: Redefining \overline on input line 307.
\classnum@=\count91
\DOTSCASE@=\count92
LaTeX Info: Redefining \ldots on input line 379.
LaTeX Info: Redefining \dots on input line 382.
LaTeX Info: Redefining \cdots on input line 467.
\Mathstrutbox@=\box26
\strutbox@=\box27
\big@size=\dimen105
LaTeX Font Info:    Redeclaring font encoding OML on input line 567.
LaTeX Font Info:    Redeclaring font encoding OMS on input line 568.
\macc@depth=\count93
\c@MaxMatrixCols=\count94
\dotsspace@=\muskip10
\c@parentequation=\count95
\dspbrk@lvl=\count96
\tag@help=\toks15
\row@=\count97
\column@=\count98
\maxfields@=\count99
\andhelp@=\toks16
\eqnshift@=\dimen106
\alignsep@=\dimen107
\tagshift@=\dimen108
\tagwidth@=\dimen109
\totwidth@=\dimen110
\lineht@=\dimen111
\@envbody=\toks17
\multlinegap=\skip44
\multlinetaggap=\skip45
\mathdisplay@stack=\toks18
LaTeX Info: Redefining \[ on input line 2666.
LaTeX Info: Redefining \] on input line 2667.
)
(/usr/share/texlive/texmf-dist/tex/latex/amsfonts/amssymb.sty
Package: amssymb 2009/06/22 v3.00

(/usr/share/texlive/texmf-dist/tex/latex/amsfonts/amsfonts.sty
Package: amsfonts 2009/06/22 v3.00 Basic AMSFonts support
\symAMSa=\mathgroup4
\symAMSb=\mathgroup5
LaTeX Font Info:    Overwriting math alphabet `\mathfrak' in version `bold'
(Font)                  U/euf/m/n --> U/euf/b/n on input line 96.
))
(/usr/share/texlive/texmf-dist/tex/latex/graphics/color.sty
Package: color 2005/11/14 v1.0j Standard LaTeX Color (DPC)

(/usr/share/texlive/texmf-dist/tex/latex/latexconfig/color.cfg
File: color.cfg 2007/01/18 v1.5 color configuration of teTeX/TeXLive
)
Package color Info: Driver file: xetex.def on input line 130.

(/usr/share/texlive/texmf-dist/tex/xelatex/xetex-def/xetex.def
File: xetex.def 2009/11/22 v0.94 LaTeX color/graphics driver for XeTeX (RRM/JK)

))
(/usr/share/texlive/texmf-dist/tex/latex/comment/comment.sty
\CommentStream=\write3

Excluding comment 'comment')
(/usr/share/texlive/texmf-dist/tex/latex/listings/listings.sty
(/usr/share/texlive/texmf-dist/tex/latex/graphics/keyval.sty
Package: keyval 1999/03/16 v1.13 key=value parser (DPC)
\KV@toks@=\toks19
)
\lst@mode=\count100
\lst@gtempboxa=\box28
\lst@token=\toks20
\lst@length=\count101
\lst@currlwidth=\dimen112
\lst@column=\count102
\lst@pos=\count103
\lst@lostspace=\dimen113
\lst@width=\dimen114
\lst@newlines=\count104
\lst@lineno=\count105
\lst@maxwidth=\dimen115

(/usr/share/texlive/texmf-dist/tex/latex/listings/lstmisc.sty
File: lstmisc.sty 2007/02/22 1.4 (Carsten Heinz)
\c@lstnumber=\count106
\lst@skipnumbers=\count107
\lst@framebox=\box29
)
(/usr/share/texlive/texmf-dist/tex/latex/listings/listings.cfg
File: listings.cfg 2007/02/22 1.4 listings configuration
))
Package: listings 2007/02/22 1.4 (Carsten Heinz)
 (./summary.aux)
\openout1 = `summary.aux'.

LaTeX Font Info:    Checking defaults for OML/cmm/m/it on input line 14.
LaTeX Font Info:    ... okay on input line 14.
LaTeX Font Info:    Checking defaults for T1/cmr/m/n on input line 14.
LaTeX Font Info:    ... okay on input line 14.
LaTeX Font Info:    Checking defaults for OT1/cmr/m/n on input line 14.
LaTeX Font Info:    ... okay on input line 14.
LaTeX Font Info:    Checking defaults for OMS/cmsy/m/n on input line 14.
LaTeX Font Info:    ... okay on input line 14.
LaTeX Font Info:    Checking defaults for OMX/cmex/m/n on input line 14.
LaTeX Font Info:    ... okay on input line 14.
LaTeX Font Info:    Checking defaults for U/cmr/m/n on input line 14.
LaTeX Font Info:    ... okay on input line 14.
\c@lstlisting=\count108
LaTeX Font Info:    Try loading font information for U+msa on input line 15.
 (/usr/share/texlive/texmf-dist/tex/latex/amsfonts/umsa.fd
File: umsa.fd 2009/06/22 v3.00 AMS symbols A
)
LaTeX Font Info:    Try loading font information for U+msb on input line 15.

(/usr/share/texlive/texmf-dist/tex/latex/amsfonts/umsb.fd
File: umsb.fd 2009/06/22 v3.00 AMS symbols B
) (./summary.toc
[1

] [2])
\tf@toc=\write4
\openout4 = `summary.toc'.

 [3]
LaTeX Font Info:    Try loading font information for OMS+cmr on input line 46.
 (/usr/share/texlive/texmf-dist/tex/latex/base/omscmr.fd
File: omscmr.fd 1999/05/25 v2.5h Standard LaTeX font definitions
)
LaTeX Font Info:    Font shape `OMS/cmr/m/n' in size <10.95> not available
(Font)              Font shape `OMS/cmsy/m/n' tried instead on input line 46.
 [4]
[5]
Overfull \hbox (43.81184pt too wide) detected at line 71
[]\OML/cmm/m/it/10.95 w[] \OT1/cmr/m/n/10.95 = \OML/cmm/m/it/10.95 c[]\OT1/cmr/
m/n/10.95 (\OML/cmm/m/it/10.95 w[]\OT1/cmr/m/n/10.95 ) + \OML/cmm/m/it/10.95 c[
]\OT1/cmr/m/n/10.95 (\OML/cmm/m/it/10.95 w[]\OT1/cmr/m/n/10.95 )\OML/cmm/m/it/1
0.95 v[] \OT1/cmr/m/n/10.95 + \OML/cmm/m/it/10.95 c[]\OT1/cmr/m/n/10.95 (\OML/c
mm/m/it/10.95 w[]\OT1/cmr/m/n/10.95 )\OML/cmm/m/it/10.95 v[] \OT1/cmr/m/n/10.95
 + \OML/cmm/m/it/10.95 c[]\OT1/cmr/m/n/10.95 (\OML/cmm/m/it/10.95 w[]\OT1/cmr/m
/n/10.95 )\OML/cmm/m/it/10.95 v[] \OT1/cmr/m/n/10.95 + \OML/cmm/m/it/10.95 c[]\
OT1/cmr/m/n/10.95 (\OML/cmm/m/it/10.95 w[]\OT1/cmr/m/n/10.95 )\OML/cmm/m/it/10.
95 v[] \OT1/cmr/m/n/10.95 + \OML/cmm/m/it/10.95 c[]v[]v[] \OT1/cmr/m/n/10.95 + 
\OMS/cmsy/m/n/10.95 O\OT1/cmr/m/n/10.95 (\OML/cmm/m/it/10.95 v[]\OT1/cmr/m/n/10
.95 )
 []


Underfull \hbox (badness 10000) in paragraph at lines 71--74

 []


Underfull \hbox (badness 10000) in paragraph at lines 81--83

 []

[6] [7]
Underfull \hbox (badness 10000) in paragraph at lines 145--145
[][]\OT1/cmr/m/n/9 Some in-for-ma-tion on the topic can be found on
 []

[8] [9] [10] [11]

LaTeX Font Warning: Font shape `OT1/cmr/bx/sc' undefined
(Font)              using `OT1/cmr/bx/n' instead on input line 240.

[12] [13]
Underfull \hbox (badness 10000) in paragraph at lines 265--267

 []

[14] [15] [16] [17]
Overfull \hbox (29.02957pt too wide) in paragraph at lines 339--341
\OT1/cmr/m/n/10.95 Now we can ap-prox-i-mate the first term of this ex-pres-sio
n as $\OML/cmm/m/it/10.95 E\OMS/cmsy/m/n/10.95 f\OT1/cmr/bx/n/10.95 xx[]\OMS/cm
sy/m/n/10.95 g\OML/cmm/m/it/10.95 E\OMS/cmsy/m/n/10.95 f\OML/cmm/m/it/10.95 g[]
\OT1/cmr/m/n/10.95 (\OT1/cmr/bx/n/10.95 w[]x\OT1/cmr/m/n/10.95 )\OMS/cmsy/m/n/1
0.95 g \OT1/cmr/m/n/10.95 =
 []

[18] [19] [20] [21] [22] [23]
Overfull \hbox (35.22423pt too wide) in paragraph at lines 494--494
[] 
 []

[24]
Overfull \hbox (11.41876pt too wide) in paragraph at lines 498--499
\OT1/cmr/m/n/10.95 miza-tion $\OML/cmm/m/it/10.95 Q\OT1/cmr/m/n/10.95 (\OML/cmm
/m/it/10.95 s; a[]\OT1/cmr/m/n/10.95 ) \OML/cmm/m/it/10.95 > Q\OT1/cmr/m/n/10.9
5 (\OML/cmm/m/it/10.95 s; a[]\OT1/cmr/m/n/10.95 )$ of the ex-pected re-ward $\O
ML/cmm/m/it/10.95 Q\OT1/cmr/m/n/10.95 (\OML/cmm/m/it/10.95 S; a\OT1/cmr/m/n/10.
95 ) = [][] \OML/cmm/m/it/10.95 P[]R[]$\OT1/cmr/m/n/10.95 . 
 []

[25]
Overfull \hbox (4.09941pt too wide) in paragraph at lines 512--515
\OT1/cmr/m/n/10.95 This up-date rule is called \OT1/cmr/bx/n/10.95 SARSA \OT1/c
mr/m/n/10.95 for \OT1/cmtt/m/n/10.95 State Action Reward State Action
 []

[26]
Overfull \hbox (10.23027pt too wide) in paragraph at lines 536--537
\OT1/cmr/m/n/10.95 There are dif-fer-ent strate-gies for ex-ploita-tion/\OT1/cm
tt/m/n/10.95 ways to find optimal policy
 []

[27]
Underfull \hbox (badness 10000) in paragraph at lines 555--558

 []


Overfull \hbox (32.93056pt too wide) in paragraph at lines 573--575
\OT1/cmr/m/n/10.95 use the pol-icy $\OML/cmm/m/it/10.95 ^^Y$ \OT1/cmr/m/n/10.95
 to se-lect the ac-tion $\OML/cmm/m/it/10.95 a[]$ \OT1/cmr/m/n/10.95 for the di
s-count term ($\OML/cmm/m/it/10.95 ^^M [][] ^^Y\OT1/cmr/m/n/10.95 (\OML/cmm/m/i
t/10.95 s[]; a[]\OT1/cmr/m/n/10.95 )\OML/cmm/m/it/10.95 Q\OT1/cmr/m/n/10.95 (\O
ML/cmm/m/it/10.95 s[]; a[]\OT1/cmr/m/n/10.95 )$),
 []

[28] [29] [30]
Overfull \hbox (2.68803pt too wide) in paragraph at lines 630--633
 \OT1/cmr/bx/n/10.95 Neu-ro-mod-u-la-tion[] \OT1/cmr/m/n/10.95 Neu-ro-mod-u-la-
tion is the phys-i-o-log-i-cal pro-cess by which
 []


Underfull \hbox (badness 10000) in paragraph at lines 630--633

 []

[31] [32] [33] [34] [35]
Overfull \hbox (4.88586pt too wide) in paragraph at lines 780--781
[]\OT1/cmr/bx/n/10.95 Complexity: \OT1/cmr/m/n/10.95 Con-tin-u-ous states and a
c-tions in high di-men-sional spaces
 []


Overfull \hbox (5.76642pt too wide) in paragraph at lines 785--786
\OT1/cmr/m/sc/10.95 Understand: \OT1/cmr/m/n/10.95 by as-so-ci-at-ing cer-tain 
ac-tions with cer-tain stim-uli in a stochas-
 []

[36] [37] [38] [39] [40]
Overfull \hbox (9.49484pt too wide) in paragraph at lines 925--925
[] 
 []


Overfull \hbox (21.12756pt too wide) in paragraph at lines 941--945
$\OML/cmm/m/it/10.95 R[]$ \OT1/cmr/m/n/10.95 suc-cess sig-nal=phasic dopamine H
ebb learn-ing rule is $[] []$ 
 []

[41] [42]
Overfull \hbox (15.4636pt too wide) in paragraph at lines 986--990
\OT1/cmr/m/n/10.95 The nor-mal-iza-tion fac-tor $\OML/cmm/m/it/10.95 Z$ \OT1/cm
r/m/n/10.95 is called the par-ti-tion func-tion $\OML/cmm/m/it/10.95 Z \OT1/cmr
/m/n/10.95 = [][] [](\OMS/cmsy/m/n/10.95 ^^@\OML/cmm/m/it/10.95 E\OT1/cmr/m/n/1
0.95 (\OML/cmm/m/it/10.95 x\OT1/cmr/m/n/10.95 ))$. 
 []

[43]
Underfull \hbox (badness 10000) in paragraph at lines 1010--1013

 []


Underfull \hbox (badness 10000) in paragraph at lines 1022--1024

 []

[44] (./summary.aux)

LaTeX Font Warning: Some font shapes were not available, defaults substituted.

 ) 
Here is how much of TeX's memory you used:
 2609 strings out of 495716
 33953 string characters out of 3188883
 86799 words of memory out of 3000000
 5742 multiletter control sequences out of 15000+200000
 16195 words of font info for 61 fonts, out of 3000000 for 9000
 14 hyphenation exceptions out of 8191
 27i,23n,32p,1528b,857s stack positions out of 5000i,500n,10000p,200000b,50000s

Output written on summary.pdf (44 pages).
